<?xml version="1.0" encoding="UTF-8"?>
<!-- Generated by org.testng.reporters.JUnitReportReporter -->
<testsuite hostname="GA1-1027170LT" failures="0" tests="1" name="testcases.logintest" time="3.179" errors="0" timestamp="2022-03-29T08:57:04 EDT" skipped="0">
  <testcase classname="testcases.logintest" name="LoginFailureTest" time="3.179"/>
  <system-out/>
</testsuite> <!-- testcases.logintest -->
