<?xml version="1.0" encoding="UTF-8"?>
<!-- Generated by org.testng.reporters.JUnitReportReporter -->
<testsuite skipped="0" hostname="GA1-1027170LT" name="testcases.logintest" tests="2" failures="0" timestamp="2022-03-29T08:57:30 EDT" time="6.354" errors="0">
  <testcase name="LoginFailureTest" time="2.663" classname="testcases.logintest"/>
  <system-out/>
  <testcase name="LoginSuccessTest" time="3.691" classname="testcases.logintest"/>
  <system-out/>
</testsuite> <!-- testcases.logintest -->
